<?xml version="1.0" encoding="UTF-8"?>
<!-- Generated by org.testng.reporters.JUnitReportReporter -->
<testsuite hostname="LAPTOP-VUQA89BL" failures="0" tests="1" name="com.unittest.challenges.ChallengeTwoTest" time="0.014" errors="0" timestamp="2022-07-15T11:48:27 AEST" skipped="0">
  <testcase classname="com.unittest.challenges.ChallengeTwoTest" name="validateOccurences" time="0.014"/>
  <system-out/>
</testsuite> <!-- com.unittest.challenges.ChallengeTwoTest -->
